<?xml version="1.0" encoding="UTF-8"?>
<testng-results skipped="0" failed="0" total="1" passed="1">
  <reporter-output>
  </reporter-output>
  <suite name="SampleSuite" duration-ms="14" started-at="2017-04-25T21:16:24Z" finished-at="2017-04-25T21:16:24Z">
    <groups>
    </groups>
    <test name="SampleTest" duration-ms="14" started-at="2017-04-25T21:16:24Z" finished-at="2017-04-25T21:16:24Z">
      <class name="com.test.Sample">
        <test-method status="PASS" signature="beforeTest()[pri:0, instance:com.test.Sample@6fb554cc]" name="beforeTest" is-config="true" duration-ms="6" started-at="2017-04-25T14:16:24Z" finished-at="2017-04-25T14:16:24Z">
          <reporter-output>
          </reporter-output>
        </test-method> <!-- beforeTest -->
        <test-method status="PASS" signature="f()[pri:0, instance:com.test.Sample@6fb554cc]" name="f" duration-ms="1" started-at="2017-04-25T14:16:24Z" finished-at="2017-04-25T14:16:24Z">
          <reporter-output>
          </reporter-output>
        </test-method> <!-- f -->
        <test-method status="PASS" signature="afterTest()[pri:0, instance:com.test.Sample@6fb554cc]" name="afterTest" is-config="true" duration-ms="0" started-at="2017-04-25T14:16:24Z" finished-at="2017-04-25T14:16:24Z">
          <reporter-output>
          </reporter-output>
        </test-method> <!-- afterTest -->
      </class> <!-- com.test.Sample -->
    </test> <!-- SampleTest -->
  </suite> <!-- SampleSuite -->
</testng-results>
