<?xml version="1.0" encoding="UTF-8"?>
<testng-results skipped="0" failed="0" total="1" passed="1">
  <reporter-output>
  </reporter-output>
  <suite name="SampleSuite" duration-ms="24370" started-at="2017-04-25T23:35:29Z" finished-at="2017-04-25T23:35:53Z">
    <groups>
    </groups>
    <test name="SampleTest" duration-ms="24370" started-at="2017-04-25T23:35:29Z" finished-at="2017-04-25T23:35:53Z">
      <class name="com.test.Sample">
        <test-method status="PASS" signature="beforeTest()[pri:0, instance:com.test.Sample@4157f54e]" name="beforeTest" is-config="true" duration-ms="18538" started-at="2017-04-25T16:35:29Z" finished-at="2017-04-25T16:35:47Z">
          <reporter-output>
          </reporter-output>
        </test-method> <!-- beforeTest -->
        <test-method status="PASS" signature="sampleTest()[pri:0, instance:com.test.Sample@4157f54e]" name="sampleTest" duration-ms="5342" started-at="2017-04-25T16:35:47Z" finished-at="2017-04-25T16:35:53Z">
          <reporter-output>
          </reporter-output>
        </test-method> <!-- sampleTest -->
        <test-method status="PASS" signature="afterTest()[pri:0, instance:com.test.Sample@4157f54e]" name="afterTest" is-config="true" duration-ms="478" started-at="2017-04-25T16:35:53Z" finished-at="2017-04-25T16:35:53Z">
          <reporter-output>
          </reporter-output>
        </test-method> <!-- afterTest -->
      </class> <!-- com.test.Sample -->
    </test> <!-- SampleTest -->
  </suite> <!-- SampleSuite -->
</testng-results>
