<?xml version="1.0" encoding="UTF-8"?>
<testng-results skipped="0" failed="1" total="1" passed="0">
  <reporter-output>
  </reporter-output>
  <suite name="Default suite" duration-ms="96178" started-at="2017-05-13T20:08:40Z" finished-at="2017-05-13T20:10:17Z">
    <groups>
    </groups>
    <test name="Default test" duration-ms="96178" started-at="2017-05-13T20:08:40Z" finished-at="2017-05-13T20:10:17Z">
      <class name="com.test.Sample">
        <test-method status="PASS" signature="beforeTest()[pri:0, instance:com.test.Sample@ae45eb6]" name="beforeTest" is-config="true" duration-ms="52999" started-at="2017-05-13T13:08:40Z" finished-at="2017-05-13T13:09:33Z">
          <reporter-output>
          </reporter-output>
        </test-method> <!-- beforeTest -->
        <test-method status="FAIL" signature="sampleTest()[pri:0, instance:com.test.Sample@ae45eb6]" name="sampleTest" duration-ms="33148" started-at="2017-05-13T13:09:33Z" finished-at="2017-05-13T13:10:07Z">
          <exception class="org.openqa.selenium.NoSuchElementException">
            <message>
              <![CDATA[An element could not be located on the page using the given search parameters. (WARNING: The server did not provide any stacktrace information)
Command duration or timeout: 33.14 seconds
For documentation on this error, please visit: http://seleniumhq.org/exceptions/no_such_element.html
Build info: version: '2.45.0', revision: '5017cb8e7ca8e37638dc3091b2440b90a1d8686f', time: '2015-02-27 09:10:26'
System info: host: 'Renukas-MacBook.local', ip: '10.0.0.118', os.name: 'Mac OS X', os.arch: 'x86_64', os.version: '10.12.1', java.version: '1.8.0_111'
Driver info: io.appium.java_client.ios.IOSDriver
Capabilities [{app=/Users/rmadhave/Documents/PiedParker/PiedParkerAutomation/src/test/resources/iPiedParker.app, networkConnectionEnabled=false, databaseEnabled=false, deviceName=iPhone 6s, platform=MAC, platformVersion=10.3, webStorageEnabled=false, locationContextEnabled=false, automationName=XCUITest, browserName=, takesScreenshot=true, javascriptEnabled=true, platformName=iOS, udid=B2A8F70E-4CAC-4757-852B-29558EFF1191}]
Session ID: 25af707c-c159-4529-88b8-f687f38b40e5
*** Element info: {Using=name, value=E-mail}]]>
            </message>
            <full-stacktrace>
              <![CDATA[org.openqa.selenium.NoSuchElementException: An element could not be located on the page using the given search parameters. (WARNING: The server did not provide any stacktrace information)
Command duration or timeout: 33.14 seconds
For documentation on this error, please visit: http://seleniumhq.org/exceptions/no_such_element.html
Build info: version: '2.45.0', revision: '5017cb8e7ca8e37638dc3091b2440b90a1d8686f', time: '2015-02-27 09:10:26'
System info: host: 'Renukas-MacBook.local', ip: '10.0.0.118', os.name: 'Mac OS X', os.arch: 'x86_64', os.version: '10.12.1', java.version: '1.8.0_111'
Driver info: io.appium.java_client.ios.IOSDriver
Capabilities [{app=/Users/rmadhave/Documents/PiedParker/PiedParkerAutomation/src/test/resources/iPiedParker.app, networkConnectionEnabled=false, databaseEnabled=false, deviceName=iPhone 6s, platform=MAC, platformVersion=10.3, webStorageEnabled=false, locationContextEnabled=false, automationName=XCUITest, browserName=, takesScreenshot=true, javascriptEnabled=true, platformName=iOS, udid=B2A8F70E-4CAC-4757-852B-29558EFF1191}]
Session ID: 25af707c-c159-4529-88b8-f687f38b40e5
*** Element info: {Using=name, value=E-mail}
	at sun.reflect.NativeConstructorAccessorImpl.newInstance0(Native Method)
	at sun.reflect.NativeConstructorAccessorImpl.newInstance(NativeConstructorAccessorImpl.java:62)
	at sun.reflect.DelegatingConstructorAccessorImpl.newInstance(DelegatingConstructorAccessorImpl.java:45)
	at java.lang.reflect.Constructor.newInstance(Constructor.java:423)
	at org.openqa.selenium.remote.ErrorHandler.createThrowable(ErrorHandler.java:204)
	at org.openqa.selenium.remote.ErrorHandler.throwIfResponseFailed(ErrorHandler.java:156)
	at org.openqa.selenium.remote.RemoteWebDriver.execute(RemoteWebDriver.java:599)
	at io.appium.java_client.DefaultGenericMobileDriver.execute(DefaultGenericMobileDriver.java:40)
	at io.appium.java_client.AppiumDriver.execute(AppiumDriver.java:1)
	at io.appium.java_client.ios.IOSDriver.execute(IOSDriver.java:1)
	at org.openqa.selenium.remote.RemoteWebDriver.findElement(RemoteWebDriver.java:352)
	at io.appium.java_client.DefaultGenericMobileDriver.findElement(DefaultGenericMobileDriver.java:56)
	at io.appium.java_client.AppiumDriver.findElement(AppiumDriver.java:1)
	at io.appium.java_client.ios.IOSDriver.findElement(IOSDriver.java:1)
	at org.openqa.selenium.remote.RemoteWebDriver.findElementByName(RemoteWebDriver.java:425)
	at io.appium.java_client.DefaultGenericMobileDriver.findElementByName(DefaultGenericMobileDriver.java:104)
	at io.appium.java_client.AppiumDriver.findElementByName(AppiumDriver.java:1)
	at io.appium.java_client.ios.IOSDriver.findElementByName(IOSDriver.java:1)
	at org.openqa.selenium.By$ByName.findElement(By.java:299)
	at org.openqa.selenium.remote.RemoteWebDriver.findElement(RemoteWebDriver.java:344)
	at io.appium.java_client.DefaultGenericMobileDriver.findElement(DefaultGenericMobileDriver.java:52)
	at io.appium.java_client.AppiumDriver.findElement(AppiumDriver.java:1)
	at io.appium.java_client.ios.IOSDriver.findElement(IOSDriver.java:1)
	at com.test.Sample.sampleTest(Sample.java:32)
	at sun.reflect.NativeMethodAccessorImpl.invoke0(Native Method)
	at sun.reflect.NativeMethodAccessorImpl.invoke(NativeMethodAccessorImpl.java:62)
	at sun.reflect.DelegatingMethodAccessorImpl.invoke(DelegatingMethodAccessorImpl.java:43)
	at java.lang.reflect.Method.invoke(Method.java:498)
	at org.testng.internal.MethodInvocationHelper.invokeMethod(MethodInvocationHelper.java:80)
	at org.testng.internal.Invoker.invokeMethod(Invoker.java:714)
	at org.testng.internal.Invoker.invokeTestMethod(Invoker.java:901)
	at org.testng.internal.Invoker.invokeTestMethods(Invoker.java:1231)
	at org.testng.internal.TestMethodWorker.invokeTestMethods(TestMethodWorker.java:127)
	at org.testng.internal.TestMethodWorker.run(TestMethodWorker.java:111)
	at org.testng.TestRunner.privateRun(TestRunner.java:767)
	at org.testng.TestRunner.run(TestRunner.java:617)
	at org.testng.SuiteRunner.runTest(SuiteRunner.java:334)
	at org.testng.SuiteRunner.runSequentially(SuiteRunner.java:329)
	at org.testng.SuiteRunner.privateRun(SuiteRunner.java:291)
	at org.testng.SuiteRunner.run(SuiteRunner.java:240)
	at org.testng.SuiteRunnerWorker.runSuite(SuiteRunnerWorker.java:52)
	at org.testng.SuiteRunnerWorker.run(SuiteRunnerWorker.java:86)
	at org.testng.TestNG.runSuitesSequentially(TestNG.java:1198)
	at org.testng.TestNG.runSuitesLocally(TestNG.java:1123)
	at org.testng.TestNG.run(TestNG.java:1031)
	at org.testng.remote.AbstractRemoteTestNG.run(AbstractRemoteTestNG.java:132)
	at org.testng.remote.RemoteTestNG.initAndRun(RemoteTestNG.java:230)
	at org.testng.remote.RemoteTestNG.main(RemoteTestNG.java:76)
]]>
            </full-stacktrace>
          </exception> <!-- org.openqa.selenium.NoSuchElementException -->
          <reporter-output>
          </reporter-output>
        </test-method> <!-- sampleTest -->
        <test-method status="PASS" signature="afterTest()[pri:0, instance:com.test.Sample@ae45eb6]" name="afterTest" is-config="true" duration-ms="1" started-at="2017-05-13T13:10:17Z" finished-at="2017-05-13T13:10:17Z">
          <reporter-output>
          </reporter-output>
        </test-method> <!-- afterTest -->
      </class> <!-- com.test.Sample -->
    </test> <!-- Default test -->
  </suite> <!-- Default suite -->
</testng-results>
